synertone/build/outputs/logs/manifest-merger-debug-report.txt
-- Merging decision tree log ---
manifest
ADDED from src\main\AndroidManifest.xml:2:1-651:12
	package
		ADDED from src\main\AndroidManifest.xml:4:5-41
		INJECTED from src\main\AndroidManifest.xml
		INJECTED from src\main\AndroidManifest.xml
	android:versionName
		ADDED from src\main\AndroidManifest.xml:6:5-32
		INJECTED from src\main\AndroidManifest.xml
		INJECTED from src\main\AndroidManifest.xml
	xmlns:tools
		ADDED from src\main\AndroidManifest.xml:3:5-51
	android:versionCode
		ADDED from src\main\AndroidManifest.xml:5:5-29
		INJECTED from src\main\AndroidManifest.xml
		INJECTED from src\main\AndroidManifest.xml
	xmlns:android
		ADDED from src\main\AndroidManifest.xml:2:11-69
uses-sdk
ADDED from src\main\AndroidManifest.xml:8:5-10:41
MERGED from [src-app:ripplelayoutmaster:unspecified] AndroidManifest.xml:7:5-9:41
MERGED from [src-app:slidingmenu_library:unspecified] AndroidManifest.xml:7:5-9:41
MERGED from [src-app:actionbarsherlock:unspecified] AndroidManifest.xml:7:5-9:41
MERGED from [src-app:pullToRefreshLibrary:unspecified] AndroidManifest.xml:7:5-9:41
MERGED from [com.github.zcweng:switch-button:0.0.3] AndroidManifest.xml:7:5-9:41
MERGED from [com.jakewharton:butterknife:8.5.1] AndroidManifest.xml:5:5-43
MERGED from [src-app:nicedialog:unspecified] AndroidManifest.xml:7:5-9:41
MERGED from [src-app:viewbguilib:unspecified] AndroidManifest.xml:7:5-9:41
MERGED from [com.android.support.constraint:constraint-layout:1.0.2] AndroidManifest.xml:5:5-7:41
	android:targetSdkVersion
		ADDED from src\main\AndroidManifest.xml:10:9-38
		INJECTED from src\main\AndroidManifest.xml
		INJECTED from src\main\AndroidManifest.xml
	android:minSdkVersion
		ADDED from src\main\AndroidManifest.xml:9:9-35
		INJECTED from src\main\AndroidManifest.xml
		INJECTED from src\main\AndroidManifest.xml
supports-screens
ADDED from src\main\AndroidManifest.xml:12:5-17:40
	android:largeScreens
		ADDED from src\main\AndroidManifest.xml:14:9-36
	android:smallScreens
		ADDED from src\main\AndroidManifest.xml:16:9-36
	android:normalScreens
		ADDED from src\main\AndroidManifest.xml:15:9-37
	android:xlargeScreens
		ADDED from src\main\AndroidManifest.xml:17:9-37
	android:anyDensity
		ADDED from src\main\AndroidManifest.xml:13:9-34
uses-permission#android.permission.INTERNET
ADDED from src\main\AndroidManifest.xml:19:5-67
MERGED from [src-app:initActivity:unspecified] AndroidManifest.xml:8:5-67
	android:name
		ADDED from src\main\AndroidManifest.xml:19:22-64
uses-permission#android.permission.ACCESS_WIFI_STATE
ADDED from src\main\AndroidManifest.xml:20:5-76
	android:name
		ADDED from src\main\AndroidManifest.xml:20:22-73
uses-permission#android.permission.MOUNT_UNMOUNT_FILESYSTEMS
ADDED from src\main\AndroidManifest.xml:21:5-84
	android:name
		ADDED from src\main\AndroidManifest.xml:21:22-81
uses-permission#android.permission.WRITE_EXTERNAL_STORAGE
ADDED from src\main\AndroidManifest.xml:22:5-81
	android:name
		ADDED from src\main\AndroidManifest.xml:22:22-78
uses-permission#android.permission.RECORD_AUDIO
ADDED from src\main\AndroidManifest.xml:23:5-71
	android:name
		ADDED from src\main\AndroidManifest.xml:23:22-68
uses-permission#android.permission.CHANGE_WIFI_STATE
ADDED from src\main\AndroidManifest.xml:24:5-76
	android:name
		ADDED from src\main\AndroidManifest.xml:24:22-73
uses-permission#android.permission.CAMERA
ADDED from src\main\AndroidManifest.xml:25:5-65
	android:name
		ADDED from src\main\AndroidManifest.xml:25:22-62
uses-permission#android.permission.WRITE_SETTINGS
ADDED from src\main\AndroidManifest.xml:26:5-73
	android:name
		ADDED from src\main\AndroidManifest.xml:26:22-70
uses-permission#android.permission.FLASHLIGHT
ADDED from src\main\AndroidManifest.xml:27:5-69
	android:name
		ADDED from src\main\AndroidManifest.xml:27:22-66
uses-permission#android.permission.CHANGE_NETWORK_STATE
ADDED from src\main\AndroidManifest.xml:28:5-79
	android:name
		ADDED from src\main\AndroidManifest.xml:28:22-76
uses-permission#android.permission.INTERACT_ACROSS_USERS_FULL
ADDED from src\main\AndroidManifest.xml:29:5-85
	android:name
		ADDED from src\main\AndroidManifest.xml:29:22-82
uses-permission#android.permission.READ_LOGS
ADDED from src\main\AndroidManifest.xml:30:5-68
	android:name
		ADDED from src\main\AndroidManifest.xml:30:22-65
uses-permission#com.android.launcher.permission.READ_SETTINGS
ADDED from src\main\AndroidManifest.xml:31:5-85
	android:name
		ADDED from src\main\AndroidManifest.xml:31:22-82
uses-permission#android.permission.GET_TASKS
ADDED from src\main\AndroidManifest.xml:32:5-68
	android:name
		ADDED from src\main\AndroidManifest.xml:32:22-65
uses-permission#android.permission.LOCATION_HARDWARE
ADDED from src\main\AndroidManifest.xml:33:5-76
	android:name
		ADDED from src\main\AndroidManifest.xml:33:22-73
uses-permission#android.permission.ACCESS_LOCATION_EXTRA_COMMANDS
ADDED from src\main\AndroidManifest.xml:34:5-89
	android:name
		ADDED from src\main\AndroidManifest.xml:34:22-86
uses-permission#android.permission.ACCESS_COARSE_LOCATION
ADDED from src\main\AndroidManifest.xml:35:5-81
	android:name
		ADDED from src\main\AndroidManifest.xml:35:22-78
uses-permission#android.permission.ACCESS_FINE_LOCATION
ADDED from src\main\AndroidManifest.xml:36:5-79
	android:name
		ADDED from src\main\AndroidManifest.xml:36:22-76
uses-permission#android.permission.READ_CONTACTS
ADDED from src\main\AndroidManifest.xml:38:5-72
	android:name
		ADDED from src\main\AndroidManifest.xml:38:22-69
uses-permission#android.permission.WRITE_CONTACTS
ADDED from src\main\AndroidManifest.xml:39:5-73
	android:name
		ADDED from src\main\AndroidManifest.xml:39:22-70
uses-permission#android.permission.CALL_PHONE
ADDED from src\main\AndroidManifest.xml:41:5-69
	android:name
		ADDED from src\main\AndroidManifest.xml:41:22-66
uses-permission#android.permission.READ_CALL_LOG
ADDED from src\main\AndroidManifest.xml:43:5-72
	android:name
		ADDED from src\main\AndroidManifest.xml:43:22-69
uses-permission#android.permission.WRITE_CALL_LOG
ADDED from src\main\AndroidManifest.xml:44:5-73
	android:name
		ADDED from src\main\AndroidManifest.xml:44:22-70
uses-permission#android.permission.READ_EXTERNAL_STORAGE
ADDED from src\main\AndroidManifest.xml:45:5-80
	android:name
		ADDED from src\main\AndroidManifest.xml:45:22-77
uses-permission#android.permission.WRITE_SMS
ADDED from src\main\AndroidManifest.xml:46:5-68
	android:name
		ADDED from src\main\AndroidManifest.xml:46:22-65
uses-permission#android.permission.GET_ACCOUNTS
ADDED from src\main\AndroidManifest.xml:47:5-71
	android:name
		ADDED from src\main\AndroidManifest.xml:47:22-68
uses-permission#android.permission.READ_PROFILE
ADDED from src\main\AndroidManifest.xml:48:5-71
	android:name
		ADDED from src\main\AndroidManifest.xml:48:22-68
uses-permission#android.permission.READ_PHONE_STATE
ADDED from src\main\AndroidManifest.xml:50:5-75
	android:name
		ADDED from src\main\AndroidManifest.xml:50:22-72
uses-permission#android.permission.ACCESS_NETWORK_STATE
ADDED from src\main\AndroidManifest.xml:51:5-79
MERGED from [src-app:initActivity:unspecified] AndroidManifest.xml:9:5-79
	android:name
		ADDED from src\main\AndroidManifest.xml:51:22-76
uses-permission#android.permission.DISABLE_KEYGUARD
ADDED from src\main\AndroidManifest.xml:53:5-75
	android:name
		ADDED from src\main\AndroidManifest.xml:53:22-72
uses-permission#android.permission.MODIFY_AUDIO_SETTINGS
ADDED from src\main\AndroidManifest.xml:54:5-80
	android:name
		ADDED from src\main\AndroidManifest.xml:54:22-77
uses-permission#android.permission.WAKE_LOCK
ADDED from src\main\AndroidManifest.xml:56:5-68
MERGED from [src-app:initActivity:unspecified] AndroidManifest.xml:7:5-68
	android:name
		ADDED from src\main\AndroidManifest.xml:56:22-65
uses-permission#android.permission.VIBRATE
ADDED from src\main\AndroidManifest.xml:57:5-66
	android:name
		ADDED from src\main\AndroidManifest.xml:57:22-63
uses-permission#android.permission.WRITE_MEDIA_STORAGE
ADDED from src\main\AndroidManifest.xml:59:5-78
	android:name
		ADDED from src\main\AndroidManifest.xml:59:22-75
uses-feature#android.hardware.camera
ADDED from src\main\AndroidManifest.xml:61:5-60
	android:name
		ADDED from src\main\AndroidManifest.xml:61:19-57
uses-feature#android.hardware.camera.autofocus
ADDED from src\main\AndroidManifest.xml:62:5-70
	android:name
		ADDED from src\main\AndroidManifest.xml:62:19-67
application
ADDED from src\main\AndroidManifest.xml:65:5-649:19
MERGED from [src-app:initActivity:unspecified] AndroidManifest.xml:11:5-18:19
MERGED from [src-app:ripplelayoutmaster:unspecified] AndroidManifest.xml:11:5-15:19
MERGED from [src-app:actionbarsherlock:unspecified] AndroidManifest.xml:11:5-20
MERGED from [src-app:pullToRefreshLibrary:unspecified] AndroidManifest.xml:11:5-16:19
MERGED from [src-app:nicedialog:unspecified] AndroidManifest.xml:11:5-15:19
MERGED from [src-app:viewbguilib:unspecified] AndroidManifest.xml:11:5-15:19
MERGED from [com.android.support.constraint:constraint-layout:1.0.2] AndroidManifest.xml:9:5-20
	android:screenOrientation
		ADDED from src\main\AndroidManifest.xml:70:9-43
	android:label
		ADDED from src\main\AndroidManifest.xml:69:9-41
	android:supportsRtl
		ADDED from [src-app:nicedialog:unspecified] AndroidManifest.xml:14:9-35
	android:configChanges
		ADDED from src\main\AndroidManifest.xml:67:9-109
	android:icon
		ADDED from src\main\AndroidManifest.xml:68:9-42
		REJECTED from [src-app:ripplelayoutmaster:unspecified] AndroidManifest.xml:13:9-45
		REJECTED from [src-app:pullToRefreshLibrary:unspecified] AndroidManifest.xml:13:9-45
	android:allowBackup
		ADDED from [src-app:ripplelayoutmaster:unspecified] AndroidManifest.xml:12:9-35
	android:theme
		ADDED from [src-app:pullToRefreshLibrary:unspecified] AndroidManifest.xml:15:9-40
	tools:replace
		ADDED from src\main\AndroidManifest.xml:71:9-50
	android:name
		ADDED from src\main\AndroidManifest.xml:66:9-54
activity#com.my51c.see51.app.LoginActivity
ADDED from src\main\AndroidManifest.xml:74:9-80:67
	android:label
		ADDED from src\main\AndroidManifest.xml:77:13-45
	android:launchMode
		ADDED from src\main\AndroidManifest.xml:78:13-42
	android:windowSoftInputMode
		ADDED from src\main\AndroidManifest.xml:80:13-64
	android:configChanges
		ADDED from src\main\AndroidManifest.xml:76:13-113
	android:theme
		ADDED from src\main\AndroidManifest.xml:79:13-66
	android:name
		ADDED from src\main\AndroidManifest.xml:75:13-61
activity#io.vov.vitamio.activity.InitActivity
ADDED from src\main\AndroidManifest.xml:81:9-87:45
MERGED from [src-app:initActivity:unspecified] AndroidManifest.xml:12:9-17:63
	android:launchMode
		ADDED from src\main\AndroidManifest.xml:84:13-43
	android:windowSoftInputMode
		ADDED from src\main\AndroidManifest.xml:86:13-60
	android:configChanges
		ADDED from src\main\AndroidManifest.xml:83:13-113
	android:theme
		ADDED from src\main\AndroidManifest.xml:85:13-71
		REJECTED from [src-app:initActivity:unspecified] AndroidManifest.xml:16:13-60
	tools:replace
		ADDED from src\main\AndroidManifest.xml:87:13-42
	android:name
		ADDED from src\main\AndroidManifest.xml:82:13-64
activity#com.my51c.see51.ui.MainActivity
ADDED from src\main\AndroidManifest.xml:89:9-102:20
	android:label
		ADDED from src\main\AndroidManifest.xml:92:13-45
	android:launchMode
		ADDED from src\main\AndroidManifest.xml:93:13-42
	android:configChanges
		ADDED from src\main\AndroidManifest.xml:91:13-113
	android:theme
		ADDED from src\main\AndroidManifest.xml:94:13-66
	android:name
		ADDED from src\main\AndroidManifest.xml:90:13-59
activity#com.my51c.see51.BaseActivity
ADDED from src\main\AndroidManifest.xml:103:9-106:69
	android:configChanges
		ADDED from src\main\AndroidManifest.xml:105:13-113
	android:theme
		ADDED from src\main\AndroidManifest.xml:106:13-66
	android:name
		ADDED from src\main\AndroidManifest.xml:104:13-56
activity#com.my51c.see51.ui.PlayerActivity
ADDED from src\main\AndroidManifest.xml:107:9-113:68
	android:launchMode
		ADDED from src\main\AndroidManifest.xml:110:13-42
	android:windowSoftInputMode
		ADDED from src\main\AndroidManifest.xml:113:13-65
	android:permission
		ADDED from src\main\AndroidManifest.xml:111:13-75
	android:configChanges
		ADDED from src\main\AndroidManifest.xml:109:13-113
	android:theme
		ADDED from src\main\AndroidManifest.xml:112:13-66
	android:name
		ADDED from src\main\AndroidManifest.xml:108:13-61
activity#com.my51c.see51.ui.FourPlayerActivity
ADDED from src\main\AndroidManifest.xml:114:9-120:72
	android:launchMode
		ADDED from src\main\AndroidManifest.xml:117:13-42
	android:windowSoftInputMode
		ADDED from src\main\AndroidManifest.xml:120:13-69
	android:permission
		ADDED from src\main\AndroidManifest.xml:118:13-75
	android:configChanges
		ADDED from src\main\AndroidManifest.xml:116:13-113
	android:theme
		ADDED from src\main\AndroidManifest.xml:119:13-66
	android:name
		ADDED from src\main\AndroidManifest.xml:115:13-65
activity#com.my51c.see51.guide.GuidSmartId
ADDED from src\main\AndroidManifest.xml:121:9-125:69
	android:launchMode
		ADDED from src\main\AndroidManifest.xml:124:13-44
	android:configChanges
		ADDED from src\main\AndroidManifest.xml:123:13-113
	android:theme
		ADDED from src\main\AndroidManifest.xml:125:13-66
	android:name
		ADDED from src\main\AndroidManifest.xml:122:13-61
activity#com.my51c.see51.guide.GuidAddByWifi
ADDED from src\main\AndroidManifest.xml:126:9-129:69
	android:configChanges
		ADDED from src\main\AndroidManifest.xml:128:13-113
	android:theme
		ADDED from src\main\AndroidManifest.xml:129:13-66
	android:name
		ADDED from src\main\AndroidManifest.xml:127:13-63
activity#com.my51c.see51.ui.LocalSettingActivity
ADDED from src\main\AndroidManifest.xml:130:9-134:69
	android:launchMode
		ADDED from src\main\AndroidManifest.xml:133:13-42
	android:configChanges
		ADDED from src\main\AndroidManifest.xml:132:13-113
	android:theme
		ADDED from src\main\AndroidManifest.xml:134:13-66
	android:name
		ADDED from src\main\AndroidManifest.xml:131:13-67
activity#com.my51c.see51.ui.ActionAlarmActivity
ADDED from src\main\AndroidManifest.xml:135:9-139:69
	android:launchMode
		ADDED from src\main\AndroidManifest.xml:138:13-44
	android:configChanges
		ADDED from src\main\AndroidManifest.xml:137:13-113
	android:theme
		ADDED from src\main\AndroidManifest.xml:139:13-66
	android:name
		ADDED from src\main\AndroidManifest.xml:136:13-66
activity#com.my51c.see51.guide.Guide
ADDED from src\main\AndroidManifest.xml:140:9-143:47
	android:launchMode
		ADDED from src\main\AndroidManifest.xml:143:13-44
	android:configChanges
		ADDED from src\main\AndroidManifest.xml:142:13-113
	android:name
		ADDED from src\main\AndroidManifest.xml:141:13-55
activity#com.my51c.see51.guide.Login
ADDED from src\main\AndroidManifest.xml:144:9-147:47
	android:launchMode
		ADDED from src\main\AndroidManifest.xml:147:13-44
	android:configChanges
		ADDED from src\main\AndroidManifest.xml:146:13-113
	android:name
		ADDED from src\main\AndroidManifest.xml:145:13-55
activity#com.my51c.see51.guide.PlatformActivity
ADDED from src\main\AndroidManifest.xml:148:9-152:69
	android:launchMode
		ADDED from src\main\AndroidManifest.xml:151:13-44
	android:configChanges
		ADDED from src\main\AndroidManifest.xml:150:13-113
	android:theme
		ADDED from src\main\AndroidManifest.xml:152:13-66
	android:name
		ADDED from src\main\AndroidManifest.xml:149:13-66
activity#com.my51c.see51.guide.DeviceIdActivity
ADDED from src\main\AndroidManifest.xml:153:9-158:63
	android:launchMode
		ADDED from src\main\AndroidManifest.xml:156:13-44
	android:windowSoftInputMode
		ADDED from src\main\AndroidManifest.xml:158:13-60
	android:configChanges
		ADDED from src\main\AndroidManifest.xml:155:13-113
	android:theme
		ADDED from src\main\AndroidManifest.xml:157:13-66
	android:name
		ADDED from src\main\AndroidManifest.xml:154:13-66
activity#com.my51c.see51.guide.GuideSetActivity
ADDED from src\main\AndroidManifest.xml:159:9-164:63
	android:launchMode
		ADDED from src\main\AndroidManifest.xml:162:13-44
	android:windowSoftInputMode
		ADDED from src\main\AndroidManifest.xml:164:13-60
	android:configChanges
		ADDED from src\main\AndroidManifest.xml:161:13-113
	android:theme
		ADDED from src\main\AndroidManifest.xml:163:13-66
	android:name
		ADDED from src\main\AndroidManifest.xml:160:13-66
activity#com.my51c.see51.guide.DimensionActivity
ADDED from src\main\AndroidManifest.xml:165:9-169:63
	android:launchMode
		ADDED from src\main\AndroidManifest.xml:168:13-44
	android:windowSoftInputMode
		ADDED from src\main\AndroidManifest.xml:169:13-60
	android:configChanges
		ADDED from src\main\AndroidManifest.xml:167:13-113
	android:name
		ADDED from src\main\AndroidManifest.xml:166:13-67
activity#com.my51c.see51.ui.DeviceInfoActivity
ADDED from src\main\AndroidManifest.xml:170:9-173:69
	android:configChanges
		ADDED from src\main\AndroidManifest.xml:172:13-113
	android:theme
		ADDED from src\main\AndroidManifest.xml:173:13-66
	android:name
		ADDED from src\main\AndroidManifest.xml:171:13-65
activity#com.my51c.see51.ui.RFDeviceInfoActivity
ADDED from src\main\AndroidManifest.xml:174:9-177:69
	android:configChanges
		ADDED from src\main\AndroidManifest.xml:176:13-113
	android:theme
		ADDED from src\main\AndroidManifest.xml:177:13-66
	android:name
		ADDED from src\main\AndroidManifest.xml:175:13-67
activity#com.my51c.see51.guide.GuidePrepareActivity
ADDED from src\main\AndroidManifest.xml:178:9-181:69
	android:configChanges
		ADDED from src\main\AndroidManifest.xml:180:13-113
	android:theme
		ADDED from src\main\AndroidManifest.xml:181:13-66
	android:name
		ADDED from src\main\AndroidManifest.xml:179:13-70
activity#com.my51c.see51.guide.CustWifiDialog
ADDED from src\main\AndroidManifest.xml:182:9-185:54
	android:configChanges
		ADDED from src\main\AndroidManifest.xml:184:13-113
	android:theme
		ADDED from src\main\AndroidManifest.xml:185:13-51
	android:name
		ADDED from src\main\AndroidManifest.xml:183:13-64
activity#com.my51c.see51.guide.GuideSmartWifi
ADDED from src\main\AndroidManifest.xml:186:9-189:69
	android:configChanges
		ADDED from src\main\AndroidManifest.xml:188:13-113
	android:theme
		ADDED from src\main\AndroidManifest.xml:189:13-66
	android:name
		ADDED from src\main\AndroidManifest.xml:187:13-64
activity#com.my51c.see51.guide.GuideSmartSound
ADDED from src\main\AndroidManifest.xml:190:9-193:69
	android:configChanges
		ADDED from src\main\AndroidManifest.xml:192:13-113
	android:theme
		ADDED from src\main\AndroidManifest.xml:193:13-66
	android:name
		ADDED from src\main\AndroidManifest.xml:191:13-65
activity#com.my51c.see51.ui.SDRecordFolderActivity
ADDED from src\main\AndroidManifest.xml:194:9-197:69
	android:configChanges
		ADDED from src\main\AndroidManifest.xml:196:13-113
	android:theme
		ADDED from src\main\AndroidManifest.xml:197:13-66
	android:name
		ADDED from src\main\AndroidManifest.xml:195:13-69
activity#com.my51c.see51.ui.SDRecordFileActivity
ADDED from src\main\AndroidManifest.xml:198:9-201:69
	android:configChanges
		ADDED from src\main\AndroidManifest.xml:200:13-113
	android:theme
		ADDED from src\main\AndroidManifest.xml:201:13-66
	android:name
		ADDED from src\main\AndroidManifest.xml:199:13-67
activity#com.my51c.see51.ui.SDCalendarActivity
ADDED from src\main\AndroidManifest.xml:202:9-205:69
	android:configChanges
		ADDED from src\main\AndroidManifest.xml:204:13-113
	android:theme
		ADDED from src\main\AndroidManifest.xml:205:13-66
	android:name
		ADDED from src\main\AndroidManifest.xml:203:13-65
activity#com.my51c.see51.ui.CloudRecordActivity
ADDED from src\main\AndroidManifest.xml:206:9-209:69
	android:configChanges
		ADDED from src\main\AndroidManifest.xml:208:13-113
	android:theme
		ADDED from src\main\AndroidManifest.xml:209:13-66
	android:name
		ADDED from src\main\AndroidManifest.xml:207:13-66
activity#com.my51c.see51.ui.RfDeviceAddActivity
ADDED from src\main\AndroidManifest.xml:210:9-214:69
	android:launchMode
		ADDED from src\main\AndroidManifest.xml:213:13-44
	android:configChanges
		ADDED from src\main\AndroidManifest.xml:212:13-113
	android:theme
		ADDED from src\main\AndroidManifest.xml:214:13-66
	android:name
		ADDED from src\main\AndroidManifest.xml:211:13-66
activity#com.my51c.see51.ui.AboutActivity
ADDED from src\main\AndroidManifest.xml:215:9-219:69
	android:launchMode
		ADDED from src\main\AndroidManifest.xml:218:13-44
	android:configChanges
		ADDED from src\main\AndroidManifest.xml:217:13-113
	android:theme
		ADDED from src\main\AndroidManifest.xml:219:13-66
	android:name
		ADDED from src\main\AndroidManifest.xml:216:13-60
activity#com.my51c.see51.ui.BLPDetailActivity
ADDED from src\main\AndroidManifest.xml:220:9-223:69
	android:configChanges
		ADDED from src\main\AndroidManifest.xml:222:13-113
	android:theme
		ADDED from src\main\AndroidManifest.xml:223:13-66
	android:name
		ADDED from src\main\AndroidManifest.xml:221:13-64
PreferenceScreen
ADDED from src\main\AndroidManifest.xml:225:9-235:28
	android:title
		ADDED from src\main\AndroidManifest.xml:228:13-57
	tools:ignore
		ADDED from src\main\AndroidManifest.xml:229:13-44
	android:configChanges
		ADDED from src\main\AndroidManifest.xml:226:13-113
	android:summary
		ADDED from src\main\AndroidManifest.xml:227:13-61
intent
ADDED from src\main\AndroidManifest.xml:230:13-234:64
	android:action
		ADDED from src\main\AndroidManifest.xml:231:17-60
	android:targetClass
		ADDED from src\main\AndroidManifest.xml:233:17-76
	android:configChanges
		ADDED from src\main\AndroidManifest.xml:232:17-117
	android:targetPackage
		ADDED from src\main\AndroidManifest.xml:234:17-61
activity#org.achartengine.GraphicalActivity
ADDED from src\main\AndroidManifest.xml:237:9-239:116
	android:configChanges
		ADDED from src\main\AndroidManifest.xml:239:13-113
	android:name
		ADDED from src\main\AndroidManifest.xml:238:13-62
activity#com.my51c.see51.ui.LocalFileAcy
ADDED from src\main\AndroidManifest.xml:240:9-243:69
	android:configChanges
		ADDED from src\main\AndroidManifest.xml:242:13-113
	android:theme
		ADDED from src\main\AndroidManifest.xml:243:13-66
	android:name
		ADDED from src\main\AndroidManifest.xml:241:13-59
activity#com.my51c.see51.ui.LocalPicVideoAcy
ADDED from src\main\AndroidManifest.xml:244:9-247:69
	android:configChanges
		ADDED from src\main\AndroidManifest.xml:246:13-113
	android:theme
		ADDED from src\main\AndroidManifest.xml:247:13-66
	android:name
		ADDED from src\main\AndroidManifest.xml:245:13-63
activity#com.my51c.see51.ui.LocalDevListAcy
ADDED from src\main\AndroidManifest.xml:248:9-251:69
	android:configChanges
		ADDED from src\main\AndroidManifest.xml:250:13-113
	android:theme
		ADDED from src\main\AndroidManifest.xml:251:13-66
	android:name
		ADDED from src\main\AndroidManifest.xml:249:13-62
activity#com.my51c.see51.ui.GeneralInfoAcy
ADDED from src\main\AndroidManifest.xml:252:9-255:69
	android:configChanges
		ADDED from src\main\AndroidManifest.xml:254:13-113
	android:theme
		ADDED from src\main\AndroidManifest.xml:255:13-66
	android:name
		ADDED from src\main\AndroidManifest.xml:253:13-61
activity#com.my51c.see51.ui.WiredSettingAcy
ADDED from src\main\AndroidManifest.xml:256:9-259:69
	android:configChanges
		ADDED from src\main\AndroidManifest.xml:258:13-113
	android:theme
		ADDED from src\main\AndroidManifest.xml:259:13-66
	android:name
		ADDED from src\main\AndroidManifest.xml:257:13-62
activity#com.my51c.see51.ui.WirelessSettingAcy
ADDED from src\main\AndroidManifest.xml:260:9-262:69
	android:theme
		ADDED from src\main\AndroidManifest.xml:262:13-66
	android:name
		ADDED from src\main\AndroidManifest.xml:261:13-65
activity#com.my51c.see51.ui.Net3GSettingAcy
ADDED from src\main\AndroidManifest.xml:263:9-266:69
	android:configChanges
		ADDED from src\main\AndroidManifest.xml:265:13-113
	android:theme
		ADDED from src\main\AndroidManifest.xml:266:13-66
	android:name
		ADDED from src\main\AndroidManifest.xml:264:13-62
activity#com.my51c.see51.ui.AVSettingAcy
ADDED from src\main\AndroidManifest.xml:267:9-270:69
	android:configChanges
		ADDED from src\main\AndroidManifest.xml:269:13-113
	android:theme
		ADDED from src\main\AndroidManifest.xml:270:13-66
	android:name
		ADDED from src\main\AndroidManifest.xml:268:13-59
activity#com.my51c.see51.ui.AlarmCloudRecordAcy
ADDED from src\main\AndroidManifest.xml:271:9-274:69
	android:configChanges
		ADDED from src\main\AndroidManifest.xml:273:13-113
	android:theme
		ADDED from src\main\AndroidManifest.xml:274:13-66
	android:name
		ADDED from src\main\AndroidManifest.xml:272:13-66
activity#com.my51c.see51.ui.PlayAcy
ADDED from src\main\AndroidManifest.xml:275:9-278:80
	android:configChanges
		ADDED from src\main\AndroidManifest.xml:277:13-113
	android:theme
		ADDED from src\main\AndroidManifest.xml:278:13-77
	android:name
		ADDED from src\main\AndroidManifest.xml:276:13-54
service#com.baidu.location.f
ADDED from src\main\AndroidManifest.xml:280:9-283:41
	android:enabled
		ADDED from src\main\AndroidManifest.xml:282:13-35
	android:process
		ADDED from src\main\AndroidManifest.xml:283:13-38
	android:name
		ADDED from src\main\AndroidManifest.xml:281:13-48
meta-data#com.baidu.lbsapi.API_KEY
ADDED from src\main\AndroidManifest.xml:285:9-287:64
	android:value
		ADDED from src\main\AndroidManifest.xml:287:13-61
	android:name
		ADDED from src\main\AndroidManifest.xml:286:13-52
activity#com.my51c.see51.map.CameraLocation
ADDED from src\main\AndroidManifest.xml:289:9-292:69
	android:configChanges
		ADDED from src\main\AndroidManifest.xml:291:13-113
	android:theme
		ADDED from src\main\AndroidManifest.xml:292:13-66
	android:name
		ADDED from src\main\AndroidManifest.xml:290:13-62
activity#com.my51c.see51.ui.SDRecordNVRActivity
ADDED from src\main\AndroidManifest.xml:293:9-296:69
	android:configChanges
		ADDED from src\main\AndroidManifest.xml:295:13-113
	android:theme
		ADDED from src\main\AndroidManifest.xml:296:13-66
	android:name
		ADDED from src\main\AndroidManifest.xml:294:13-66
activity#com.my51c.see51.ui.PlanOfRecordActivity
ADDED from src\main\AndroidManifest.xml:299:9-302:69
	android:configChanges
		ADDED from src\main\AndroidManifest.xml:301:13-113
	android:theme
		ADDED from src\main\AndroidManifest.xml:302:13-66
	android:name
		ADDED from src\main\AndroidManifest.xml:300:13-67
activity#com.my51c.see51.ui.NewPlanOfRecordActivity
ADDED from src\main\AndroidManifest.xml:303:9-306:69
	android:configChanges
		ADDED from src\main\AndroidManifest.xml:305:13-113
	android:theme
		ADDED from src\main\AndroidManifest.xml:306:13-66
	android:name
		ADDED from src\main\AndroidManifest.xml:304:13-70
activity#com.my51c.see51.app.HomeActivity
ADDED from src\main\AndroidManifest.xml:312:9-314:69
	android:theme
		ADDED from src\main\AndroidManifest.xml:314:13-66
	android:name
		ADDED from src\main\AndroidManifest.xml:313:13-60
activity#com.my51c.see51.app.NetSetActivity
ADDED from src\main\AndroidManifest.xml:315:9-319:67
	android:windowSoftInputMode
		ADDED from src\main\AndroidManifest.xml:319:13-64
	android:configChanges
		ADDED from src\main\AndroidManifest.xml:317:13-113
	android:theme
		ADDED from src\main\AndroidManifest.xml:318:13-66
	android:name
		ADDED from src\main\AndroidManifest.xml:316:13-62
activity#com.my51c.see51.app.OneKeyStarActivity
ADDED from src\main\AndroidManifest.xml:320:9-324:67
	android:windowSoftInputMode
		ADDED from src\main\AndroidManifest.xml:324:13-64
	android:configChanges
		ADDED from src\main\AndroidManifest.xml:322:13-113
	android:theme
		ADDED from src\main\AndroidManifest.xml:323:13-66
	android:name
		ADDED from src\main\AndroidManifest.xml:321:13-66
activity#com.my51c.see51.app.VODActivity
ADDED from src\main\AndroidManifest.xml:325:9-328:69
	android:configChanges
		ADDED from src\main\AndroidManifest.xml:327:13-113
	android:theme
		ADDED from src\main\AndroidManifest.xml:328:13-66
	android:name
		ADDED from src\main\AndroidManifest.xml:326:13-59
activity#com.my51c.see51.app.activity.aggregation.TrunkChannelActivity
ADDED from src\main\AndroidManifest.xml:329:9-332:69
	android:configChanges
		ADDED from src\main\AndroidManifest.xml:331:13-113
	android:theme
		ADDED from src\main\AndroidManifest.xml:332:13-66
	android:name
		ADDED from src\main\AndroidManifest.xml:330:13-89
activity#com.my51c.see51.app.activity.aggregation.TrunkServiceActivity
ADDED from src\main\AndroidManifest.xml:333:9-336:69
	android:configChanges
		ADDED from src\main\AndroidManifest.xml:335:13-113
	android:theme
		ADDED from src\main\AndroidManifest.xml:336:13-66
	android:name
		ADDED from src\main\AndroidManifest.xml:334:13-89
activity#com.my51c.see51.app.SplashActivity
ADDED from src\main\AndroidManifest.xml:337:9-347:20
	android:label
		ADDED from src\main\AndroidManifest.xml:340:13-45
	android:configChanges
		ADDED from src\main\AndroidManifest.xml:339:13-113
	android:theme
		ADDED from src\main\AndroidManifest.xml:341:13-66
	android:name
		ADDED from src\main\AndroidManifest.xml:338:13-62
intent-filter#android.intent.action.MAIN+android.intent.category.LAUNCHER
ADDED from src\main\AndroidManifest.xml:342:13-346:29
action#android.intent.action.MAIN
ADDED from src\main\AndroidManifest.xml:343:17-69
	android:name
		ADDED from src\main\AndroidManifest.xml:343:25-66
category#android.intent.category.LAUNCHER
ADDED from src\main\AndroidManifest.xml:345:17-77
	android:name
		ADDED from src\main\AndroidManifest.xml:345:27-74
activity#com.my51c.see51.app.WelcomeActivity
ADDED from src\main\AndroidManifest.xml:348:9-351:69
	android:label
		ADDED from src\main\AndroidManifest.xml:350:13-45
	android:theme
		ADDED from src\main\AndroidManifest.xml:351:13-66
	android:name
		ADDED from src\main\AndroidManifest.xml:349:13-63
activity#com.my51c.see51.app.GaoJiAccountActivity
ADDED from src\main\AndroidManifest.xml:352:9-356:69
	android:label
		ADDED from src\main\AndroidManifest.xml:355:13-45
	android:configChanges
		ADDED from src\main\AndroidManifest.xml:354:13-113
	android:theme
		ADDED from src\main\AndroidManifest.xml:356:13-66
	android:name
		ADDED from src\main\AndroidManifest.xml:353:13-68
activity#com.my51c.see51.app.ForgetPasswordActivity